<?xml version="1.0" encoding="UTF-8"?>
<!-- Generated by org.testng.reporters.JUnitReportReporter -->
<testsuite hostname="DESKTOP-TK2PVIK" failures="0" tests="1" name="UITests.Tests" time="4.008" errors="1" timestamp="2023-08-29T12:42:38 COT" skipped="0">
  <testcase classname="UITests.Tests" name="AddToShoppingCart2" time="4.008">
    <error type="java.lang.StackOverflowError">
      <![CDATA[java.lang.StackOverflowError
at Elements.NavBarElement.<init>(NavBarElement.java:11)
at Pages.BasePage.<init>(BasePage.java:11)
at Elements.NavBarElement.<init>(NavBarElement.java:11)
at Pages.BasePage.<init>(BasePage.java:11)
at Elements.NavBarElement.<init>(NavBarElement.java:11)
at Pages.BasePage.<init>(BasePage.java:11)
at Elements.NavBarElement.<init>(NavBarElement.java:11)
at Pages.BasePage.<init>(BasePage.java:11)
at Elements.NavBarElement.<init>(NavBarElement.java:11)
at Pages.BasePage.<init>(BasePage.java:11)
at Elements.NavBarElement.<init>(NavBarElement.java:11)
at Pages.BasePage.<init>(BasePage.java:11)
at Elements.NavBarElement.<init>(NavBarElement.java:11)
at Pages.BasePage.<init>(BasePage.java:11)
at Elements.NavBarElement.<init>(NavBarElement.java:11)
at Pages.BasePage.<init>(BasePage.java:11)
at Elements.NavBarElement.<init>(NavBarElement.java:11)
at Pages.BasePage.<init>(BasePage.java:11)
at Elements.NavBarElement.<init>(NavBarElement.java:11)
at Pages.BasePage.<init>(BasePage.java:11)
at Elements.NavBarElement.<init>(NavBarElement.java:11)
at Pages.BasePage.<init>(BasePage.java:11)
at Elements.NavBarElement.<init>(NavBarElement.java:11)
at Pages.BasePage.<init>(BasePage.java:11)
at Elements.NavBarElement.<init>(NavBarElement.java:11)
at Pages.BasePage.<init>(BasePage.java:11)
at Elements.NavBarElement.<init>(NavBarElement.java:11)
at Pages.BasePage.<init>(BasePage.java:11)
at Elements.NavBarElement.<init>(NavBarElement.java:11)
at Pages.BasePage.<init>(BasePage.java:11)
at Elements.NavBarElement.<init>(NavBarElement.java:11)
at Pages.BasePage.<init>(BasePage.java:11)
at Elements.NavBarElement.<init>(NavBarElement.java:11)
at Pages.BasePage.<init>(BasePage.java:11)
at Elements.NavBarElement.<init>(NavBarElement.java:11)
at Pages.BasePage.<init>(BasePage.java:11)
at Elements.NavBarElement.<init>(NavBarElement.java:11)
at Pages.BasePage.<init>(BasePage.java:11)
at Elements.NavBarElement.<init>(NavBarElement.java:11)
at Pages.BasePage.<init>(BasePage.java:11)
at Elements.NavBarElement.<init>(NavBarElement.java:11)
at Pages.BasePage.<init>(BasePage.java:11)
at Elements.NavBarElement.<init>(NavBarElement.java:11)
at Pages.BasePage.<init>(BasePage.java:11)
at Elements.NavBarElement.<init>(NavBarElement.java:11)
at Pages.BasePage.<init>(BasePage.java:11)
at Elements.NavBarElement.<init>(NavBarElement.java:11)
at Pages.BasePage.<init>(BasePage.java:11)
at Elements.NavBarElement.<init>(NavBarElement.java:11)
at Pages.BasePage.<init>(BasePage.java:11)
at Elements.NavBarElement.<init>(NavBarElement.java:11)
at Pages.BasePage.<init>(BasePage.java:11)
at Elements.NavBarElement.<init>(NavBarElement.java:11)
at Pages.BasePage.<init>(BasePage.java:11)
at Elements.NavBarElement.<init>(NavBarElement.java:11)
at Pages.BasePage.<init>(BasePage.java:11)
at Elements.NavBarElement.<init>(NavBarElement.java:11)
at Pages.BasePage.<init>(BasePage.java:11)
at Elements.NavBarElement.<init>(NavBarElement.java:11)
at Pages.BasePage.<init>(BasePage.java:11)
at Elements.NavBarElement.<init>(NavBarElement.java:11)
at Pages.BasePage.<init>(BasePage.java:11)
at Elements.NavBarElement.<init>(NavBarElement.java:11)
at Pages.BasePage.<init>(BasePage.java:11)
at Elements.NavBarElement.<init>(NavBarElement.java:11)
at Pages.BasePage.<init>(BasePage.java:11)
at Elements.NavBarElement.<init>(NavBarElement.java:11)
at Pages.BasePage.<init>(BasePage.java:11)
at Elements.NavBarElement.<init>(NavBarElement.java:11)
at Pages.BasePage.<init>(BasePage.java:11)
at Elements.NavBarElement.<init>(NavBarElement.java:11)
at Pages.BasePage.<init>(BasePage.java:11)
at Elements.NavBarElement.<init>(NavBarElement.java:11)
at Pages.BasePage.<init>(BasePage.java:11)
at Elements.NavBarElement.<init>(NavBarElement.java:11)
at Pages.BasePage.<init>(BasePage.java:11)
at Elements.NavBarElement.<init>(NavBarElement.java:11)
at Pages.BasePage.<init>(BasePage.java:11)
at Elements.NavBarElement.<init>(NavBarElement.java:11)
at Pages.BasePage.<init>(BasePage.java:11)
at Elements.NavBarElement.<init>(NavBarElement.java:11)
at Pages.BasePage.<init>(BasePage.java:11)
at Elements.NavBarElement.<init>(NavBarElement.java:11)
at Pages.BasePage.<init>(BasePage.java:11)
at Elements.NavBarElement.<init>(NavBarElement.java:11)
at Pages.BasePage.<init>(BasePage.java:11)
at Elements.NavBarElement.<init>(NavBarElement.java:11)
at Pages.BasePage.<init>(BasePage.java:11)
at Elements.NavBarElement.<init>(NavBarElement.java:11)
at Pages.BasePage.<init>(BasePage.java:11)
at Elements.NavBarElement.<init>(NavBarElement.java:11)
at Pages.BasePage.<init>(BasePage.java:11)
at Elements.NavBarElement.<init>(NavBarElement.java:11)
at Pages.BasePage.<init>(BasePage.java:11)
at Elements.NavBarElement.<init>(NavBarElement.java:11)
at Pages.BasePage.<init>(BasePage.java:11)
at Elements.NavBarElement.<init>(NavBarElement.java:11)
at Pages.BasePage.<init>(BasePage.java:11)
at Elements.NavBarElement.<init>(NavBarElement.java:11)
at Pages.BasePage.<init>(BasePage.java:11)
at Elements.NavBarElement.<init>(NavBarElement.java:11)
at Pages.BasePage.<init>(BasePage.java:11)
at Elements.NavBarElement.<init>(NavBarElement.java:11)
at Pages.BasePage.<init>(BasePage.java:11)
at Elements.NavBarElement.<init>(NavBarElement.java:11)
at Pages.BasePage.<init>(BasePage.java:11)
at Elements.NavBarElement.<init>(NavBarElement.java:11)
at Pages.BasePage.<init>(BasePage.java:11)
at Elements.NavBarElement.<init>(NavBarElement.java:11)
at Pages.BasePage.<init>(BasePage.java:11)
at Elements.NavBarElement.<init>(NavBarElement.java:11)
at Pages.BasePage.<init>(BasePage.java:11)
at Elements.NavBarElement.<init>(NavBarElement.java:11)
at Pages.BasePage.<init>(BasePage.java:11)
at Elements.NavBarElement.<init>(NavBarElement.java:11)
at Pages.BasePage.<init>(BasePage.java:11)
at Elements.NavBarElement.<init>(NavBarElement.java:11)
at Pages.BasePage.<init>(BasePage.java:11)
at Elements.NavBarElement.<init>(NavBarElement.java:11)
at Pages.BasePage.<init>(BasePage.java:11)
at Elements.NavBarElement.<init>(NavBarElement.java:11)
at Pages.BasePage.<init>(BasePage.java:11)
at Elements.NavBarElement.<init>(NavBarElement.java:11)
at Pages.BasePage.<init>(BasePage.java:11)
at Elements.NavBarElement.<init>(NavBarElement.java:11)
at Pages.BasePage.<init>(BasePage.java:11)
at Elements.NavBarElement.<init>(NavBarElement.java:11)
at Pages.BasePage.<init>(BasePage.java:11)
at Elements.NavBarElement.<init>(NavBarElement.java:11)
at Pages.BasePage.<init>(BasePage.java:11)
at Elements.NavBarElement.<init>(NavBarElement.java:11)
at Pages.BasePage.<init>(BasePage.java:11)
at Elements.NavBarElement.<init>(NavBarElement.java:11)
at Pages.BasePage.<init>(BasePage.java:11)
at Elements.NavBarElement.<init>(NavBarElement.java:11)
at Pages.BasePage.<init>(BasePage.java:11)
at Elements.NavBarElement.<init>(NavBarElement.java:11)
at Pages.BasePage.<init>(BasePage.java:11)
at Elements.NavBarElement.<init>(NavBarElement.java:11)
at Pages.BasePage.<init>(BasePage.java:11)
at Elements.NavBarElement.<init>(NavBarElement.java:11)
at Pages.BasePage.<init>(BasePage.java:11)
at Elements.NavBarElement.<init>(NavBarElement.java:11)
at Pages.BasePage.<init>(BasePage.java:11)
at Elements.NavBarElement.<init>(NavBarElement.java:11)
at Pages.BasePage.<init>(BasePage.java:11)
at Elements.NavBarElement.<init>(NavBarElement.java:11)
at Pages.BasePage.<init>(BasePage.java:11)
at Elements.NavBarElement.<init>(NavBarElement.java:11)
at Pages.BasePage.<init>(BasePage.java:11)
at Elements.NavBarElement.<init>(NavBarElement.java:11)
at Pages.BasePage.<init>(BasePage.java:11)
at Elements.NavBarElement.<init>(NavBarElement.java:11)
at Pages.BasePage.<init>(BasePage.java:11)
at Elements.NavBarElement.<init>(NavBarElement.java:11)
at Pages.BasePage.<init>(BasePage.java:11)
at Elements.NavBarElement.<init>(NavBarElement.java:11)
at Pages.BasePage.<init>(BasePage.java:11)
at Elements.NavBarElement.<init>(NavBarElement.java:11)
at Pages.BasePage.<init>(BasePage.java:11)
at Elements.NavBarElement.<init>(NavBarElement.java:11)
at Pages.BasePage.<init>(BasePage.java:11)
at Elements.NavBarElement.<init>(NavBarElement.java:11)
at Pages.BasePage.<init>(BasePage.java:11)
at Elements.NavBarElement.<init>(NavBarElement.java:11)
at Pages.BasePage.<init>(BasePage.java:11)
at Elements.NavBarElement.<init>(NavBarElement.java:11)
at Pages.BasePage.<init>(BasePage.java:11)
at Elements.NavBarElement.<init>(NavBarElement.java:11)
at Pages.BasePage.<init>(BasePage.java:11)
at Elements.NavBarElement.<init>(NavBarElement.java:11)
at Pages.BasePage.<init>(BasePage.java:11)
at Elements.NavBarElement.<init>(NavBarElement.java:11)
at Pages.BasePage.<init>(BasePage.java:11)
at Elements.NavBarElement.<init>(NavBarElement.java:11)
at Pages.BasePage.<init>(BasePage.java:11)
at Elements.NavBarElement.<init>(NavBarElement.java:11)
at Pages.BasePage.<init>(BasePage.java:11)
at Elements.NavBarElement.<init>(NavBarElement.java:11)
at Pages.BasePage.<init>(BasePage.java:11)
at Elements.NavBarElement.<init>(NavBarElement.java:11)
at Pages.BasePage.<init>(BasePage.java:11)
at Elements.NavBarElement.<init>(NavBarElement.java:11)
at Pages.BasePage.<init>(BasePage.java:11)
at Elements.NavBarElement.<init>(NavBarElement.java:11)
at Pages.BasePage.<init>(BasePage.java:11)
at Elements.NavBarElement.<init>(NavBarElement.java:11)
at Pages.BasePage.<init>(BasePage.java:11)
at Elements.NavBarElement.<init>(NavBarElement.java:11)
at Pages.BasePage.<init>(BasePage.java:11)
at Elements.NavBarElement.<init>(NavBarElement.java:11)
at Pages.BasePage.<init>(BasePage.java:11)
at Elements.NavBarElement.<init>(NavBarElement.java:11)
at Pages.BasePage.<init>(BasePage.java:11)
at Elements.NavBarElement.<init>(NavBarElement.java:11)
at Pages.BasePage.<init>(BasePage.java:11)
at Elements.NavBarElement.<init>(NavBarElement.java:11)
at Pages.BasePage.<init>(BasePage.java:11)
at Elements.NavBarElement.<init>(NavBarElement.java:11)
at Pages.BasePage.<init>(BasePage.java:11)
at Elements.NavBarElement.<init>(NavBarElement.java:11)
at Pages.BasePage.<init>(BasePage.java:11)
at Elements.NavBarElement.<init>(NavBarElement.java:11)
at Pages.BasePage.<init>(BasePage.java:11)
at Elements.NavBarElement.<init>(NavBarElement.java:11)
at Pages.BasePage.<init>(BasePage.java:11)
at Elements.NavBarElement.<init>(NavBarElement.java:11)
at Pages.BasePage.<init>(BasePage.java:11)
at Elements.NavBarElement.<init>(NavBarElement.java:11)
at Pages.BasePage.<init>(BasePage.java:11)
at Elements.NavBarElement.<init>(NavBarElement.java:11)
at Pages.BasePage.<init>(BasePage.java:11)
at Elements.NavBarElement.<init>(NavBarElement.java:11)
at Pages.BasePage.<init>(BasePage.java:11)
at Elements.NavBarElement.<init>(NavBarElement.java:11)
at Pages.BasePage.<init>(BasePage.java:11)
at Elements.NavBarElement.<init>(NavBarElement.java:11)
at Pages.BasePage.<init>(BasePage.java:11)
at Elements.NavBarElement.<init>(NavBarElement.java:11)
at Pages.BasePage.<init>(BasePage.java:11)
at Elements.NavBarElement.<init>(NavBarElement.java:11)
at Pages.BasePage.<init>(BasePage.java:11)
at Elements.NavBarElement.<init>(NavBarElement.java:11)
at Pages.BasePage.<init>(BasePage.java:11)
at Elements.NavBarElement.<init>(NavBarElement.java:11)
at Pages.BasePage.<init>(BasePage.java:11)
at Elements.NavBarElement.<init>(NavBarElement.java:11)
at Pages.BasePage.<init>(BasePage.java:11)
at Elements.NavBarElement.<init>(NavBarElement.java:11)
at Pages.BasePage.<init>(BasePage.java:11)
at Elements.NavBarElement.<init>(NavBarElement.java:11)
at Pages.BasePage.<init>(BasePage.java:11)
at Elements.NavBarElement.<init>(NavBarElement.java:11)
at Pages.BasePage.<init>(BasePage.java:11)
at Elements.NavBarElement.<init>(NavBarElement.java:11)
at Pages.BasePage.<init>(BasePage.java:11)
at Elements.NavBarElement.<init>(NavBarElement.java:11)
at Pages.BasePage.<init>(BasePage.java:11)
at Elements.NavBarElement.<init>(NavBarElement.java:11)
at Pages.BasePage.<init>(BasePage.java:11)
at Elements.NavBarElement.<init>(NavBarElement.java:11)
at Pages.BasePage.<init>(BasePage.java:11)
at Elements.NavBarElement.<init>(NavBarElement.java:11)
at Pages.BasePage.<init>(BasePage.java:11)
at Elements.NavBarElement.<init>(NavBarElement.java:11)
at Pages.BasePage.<init>(BasePage.java:11)
at Elements.NavBarElement.<init>(NavBarElement.java:11)
at Pages.BasePage.<init>(BasePage.java:11)
at Elements.NavBarElement.<init>(NavBarElement.java:11)
at Pages.BasePage.<init>(BasePage.java:11)
at Elements.NavBarElement.<init>(NavBarElement.java:11)
at Pages.BasePage.<init>(BasePage.java:11)
at Elements.NavBarElement.<init>(NavBarElement.java:11)
at Pages.BasePage.<init>(BasePage.java:11)
at Elements.NavBarElement.<init>(NavBarElement.java:11)
at Pages.BasePage.<init>(BasePage.java:11)
at Elements.NavBarElement.<init>(NavBarElement.java:11)
at Pages.BasePage.<init>(BasePage.java:11)
at Elements.NavBarElement.<init>(NavBarElement.java:11)
at Pages.BasePage.<init>(BasePage.java:11)
at Elements.NavBarElement.<init>(NavBarElement.java:11)
at Pages.BasePage.<init>(BasePage.java:11)
at Elements.NavBarElement.<init>(NavBarElement.java:11)
at Pages.BasePage.<init>(BasePage.java:11)
at Elements.NavBarElement.<init>(NavBarElement.java:11)
at Pages.BasePage.<init>(BasePage.java:11)
at Elements.NavBarElement.<init>(NavBarElement.java:11)
at Pages.BasePage.<init>(BasePage.java:11)
at Elements.NavBarElement.<init>(NavBarElement.java:11)
at Pages.BasePage.<init>(BasePage.java:11)
at Elements.NavBarElement.<init>(NavBarElement.java:11)
at Pages.BasePage.<init>(BasePage.java:11)
at Elements.NavBarElement.<init>(NavBarElement.java:11)
at Pages.BasePage.<init>(BasePage.java:11)
at Elements.NavBarElement.<init>(NavBarElement.java:11)
at Pages.BasePage.<init>(BasePage.java:11)
at Elements.NavBarElement.<init>(NavBarElement.java:11)
at Pages.BasePage.<init>(BasePage.java:11)
at Elements.NavBarElement.<init>(NavBarElement.java:11)
at Pages.BasePage.<init>(BasePage.java:11)
at Elements.NavBarElement.<init>(NavBarElement.java:11)
at Pages.BasePage.<init>(BasePage.java:11)
at Elements.NavBarElement.<init>(NavBarElement.java:11)
at Pages.BasePage.<init>(BasePage.java:11)
at Elements.NavBarElement.<init>(NavBarElement.java:11)
at Pages.BasePage.<init>(BasePage.java:11)
at Elements.NavBarElement.<init>(NavBarElement.java:11)
at Pages.BasePage.<init>(BasePage.java:11)
at Elements.NavBarElement.<init>(NavBarElement.java:11)
at Pages.BasePage.<init>(BasePage.java:11)
at Elements.NavBarElement.<init>(NavBarElement.java:11)
at Pages.BasePage.<init>(BasePage.java:11)
at Elements.NavBarElement.<init>(NavBarElement.java:11)
at Pages.BasePage.<init>(BasePage.java:11)
at Elements.NavBarElement.<init>(NavBarElement.java:11)
at Pages.BasePage.<init>(BasePage.java:11)
at Elements.NavBarElement.<init>(NavBarElement.java:11)
at Pages.BasePage.<init>(BasePage.java:11)
at Elements.NavBarElement.<init>(NavBarElement.java:11)
at Pages.BasePage.<init>(BasePage.java:11)
at Elements.NavBarElement.<init>(NavBarElement.java:11)
at Pages.BasePage.<init>(BasePage.java:11)
at Elements.NavBarElement.<init>(NavBarElement.java:11)
at Pages.BasePage.<init>(BasePage.java:11)
at Elements.NavBarElement.<init>(NavBarElement.java:11)
at Pages.BasePage.<init>(BasePage.java:11)
at Elements.NavBarElement.<init>(NavBarElement.java:11)
at Pages.BasePage.<init>(BasePage.java:11)
at Elements.NavBarElement.<init>(NavBarElement.java:11)
at Pages.BasePage.<init>(BasePage.java:11)
at Elements.NavBarElement.<init>(NavBarElement.java:11)
at Pages.BasePage.<init>(BasePage.java:11)
at Elements.NavBarElement.<init>(NavBarElement.java:11)
at Pages.BasePage.<init>(BasePage.java:11)
at Elements.NavBarElement.<init>(NavBarElement.java:11)
at Pages.BasePage.<init>(BasePage.java:11)
at Elements.NavBarElement.<init>(NavBarElement.java:11)
at Pages.BasePage.<init>(BasePage.java:11)
at Elements.NavBarElement.<init>(NavBarElement.java:11)
at Pages.BasePage.<init>(BasePage.java:11)
at Elements.NavBarElement.<init>(NavBarElement.java:11)
at Pages.BasePage.<init>(BasePage.java:11)
at Elements.NavBarElement.<init>(NavBarElement.java:11)
at Pages.BasePage.<init>(BasePage.java:11)
at Elements.NavBarElement.<init>(NavBarElement.java:11)
at Pages.BasePage.<init>(BasePage.java:11)
at Elements.NavBarElement.<init>(NavBarElement.java:11)
at Pages.BasePage.<init>(BasePage.java:11)
at Elements.NavBarElement.<init>(NavBarElement.java:11)
at Pages.BasePage.<init>(BasePage.java:11)
at Elements.NavBarElement.<init>(NavBarElement.java:11)
at Pages.BasePage.<init>(BasePage.java:11)
at Elements.NavBarElement.<init>(NavBarElement.java:11)
at Pages.BasePage.<init>(BasePage.java:11)
at Elements.NavBarElement.<init>(NavBarElement.java:11)
at Pages.BasePage.<init>(BasePage.java:11)
at Elements.NavBarElement.<init>(NavBarElement.java:11)
at Pages.BasePage.<init>(BasePage.java:11)
at Elements.NavBarElement.<init>(NavBarElement.java:11)
at Pages.BasePage.<init>(BasePage.java:11)
at Elements.NavBarElement.<init>(NavBarElement.java:11)
at Pages.BasePage.<init>(BasePage.java:11)
at Elements.NavBarElement.<init>(NavBarElement.java:11)
at Pages.BasePage.<init>(BasePage.java:11)
at Elements.NavBarElement.<init>(NavBarElement.java:11)
at Pages.BasePage.<init>(BasePage.java:11)
at Elements.NavBarElement.<init>(NavBarElement.java:11)
at Pages.BasePage.<init>(BasePage.java:11)
at Elements.NavBarElement.<init>(NavBarElement.java:11)
at Pages.BasePage.<init>(BasePage.java:11)
at Elements.NavBarElement.<init>(NavBarElement.java:11)
at Pages.BasePage.<init>(BasePage.java:11)
at Elements.NavBarElement.<init>(NavBarElement.java:11)
at Pages.BasePage.<init>(BasePage.java:11)
at Elements.NavBarElement.<init>(NavBarElement.java:11)
at Pages.BasePage.<init>(BasePage.java:11)
at Elements.NavBarElement.<init>(NavBarElement.java:11)
at Pages.BasePage.<init>(BasePage.java:11)
at Elements.NavBarElement.<init>(NavBarElement.java:11)
at Pages.BasePage.<init>(BasePage.java:11)
at Elements.NavBarElement.<init>(NavBarElement.java:11)
at Pages.BasePage.<init>(BasePage.java:11)
at Elements.NavBarElement.<init>(NavBarElement.java:11)
at Pages.BasePage.<init>(BasePage.java:11)
at Elements.NavBarElement.<init>(NavBarElement.java:11)
at Pages.BasePage.<init>(BasePage.java:11)
at Elements.NavBarElement.<init>(NavBarElement.java:11)
at Pages.BasePage.<init>(BasePage.java:11)
at Elements.NavBarElement.<init>(NavBarElement.java:11)
at Pages.BasePage.<init>(BasePage.java:11)
at Elements.NavBarElement.<init>(NavBarElement.java:11)
at Pages.BasePage.<init>(BasePage.java:11)
at Elements.NavBarElement.<init>(NavBarElement.java:11)
at Pages.BasePage.<init>(BasePage.java:11)
at Elements.NavBarElement.<init>(NavBarElement.java:11)
at Pages.BasePage.<init>(BasePage.java:11)
at Elements.NavBarElement.<init>(NavBarElement.java:11)
at Pages.BasePage.<init>(BasePage.java:11)
at Elements.NavBarElement.<init>(NavBarElement.java:11)
at Pages.BasePage.<init>(BasePage.java:11)
at Elements.NavBarElement.<init>(NavBarElement.java:11)
at Pages.BasePage.<init>(BasePage.java:11)
at Elements.NavBarElement.<init>(NavBarElement.java:11)
at Pages.BasePage.<init>(BasePage.java:11)
at Elements.NavBarElement.<init>(NavBarElement.java:11)
at Pages.BasePage.<init>(BasePage.java:11)
at Elements.NavBarElement.<init>(NavBarElement.java:11)
at Pages.BasePage.<init>(BasePage.java:11)
at Elements.NavBarElement.<init>(NavBarElement.java:11)
at Pages.BasePage.<init>(BasePage.java:11)
at Elements.NavBarElement.<init>(NavBarElement.java:11)
at Pages.BasePage.<init>(BasePage.java:11)
at Elements.NavBarElement.<init>(NavBarElement.java:11)
at Pages.BasePage.<init>(BasePage.java:11)
at Elements.NavBarElement.<init>(NavBarElement.java:11)
at Pages.BasePage.<init>(BasePage.java:11)
at Elements.NavBarElement.<init>(NavBarElement.java:11)
at Pages.BasePage.<init>(BasePage.java:11)
at Elements.NavBarElement.<init>(NavBarElement.java:11)
at Pages.BasePage.<init>(BasePage.java:11)
at Elements.NavBarElement.<init>(NavBarElement.java:11)
at Pages.BasePage.<init>(BasePage.java:11)
at Elements.NavBarElement.<init>(NavBarElement.java:11)
at Pages.BasePage.<init>(BasePage.java:11)
at Elements.NavBarElement.<init>(NavBarElement.java:11)
at Pages.BasePage.<init>(BasePage.java:11)
at Elements.NavBarElement.<init>(NavBarElement.java:11)
at Pages.BasePage.<init>(BasePage.java:11)
at Elements.NavBarElement.<init>(NavBarElement.java:11)
at Pages.BasePage.<init>(BasePage.java:11)
at Elements.NavBarElement.<init>(NavBarElement.java:11)
at Pages.BasePage.<init>(BasePage.java:11)
at Elements.NavBarElement.<init>(NavBarElement.java:11)
at Pages.BasePage.<init>(BasePage.java:11)
at Elements.NavBarElement.<init>(NavBarElement.java:11)
at Pages.BasePage.<init>(BasePage.java:11)
at Elements.NavBarElement.<init>(NavBarElement.java:11)
at Pages.BasePage.<init>(BasePage.java:11)
at Elements.NavBarElement.<init>(NavBarElement.java:11)
at Pages.BasePage.<init>(BasePage.java:11)
at Elements.NavBarElement.<init>(NavBarElement.java:11)
at Pages.BasePage.<init>(BasePage.java:11)
at Elements.NavBarElement.<init>(NavBarElement.java:11)
at Pages.BasePage.<init>(BasePage.java:11)
at Elements.NavBarElement.<init>(NavBarElement.java:11)
at Pages.BasePage.<init>(BasePage.java:11)
at Elements.NavBarElement.<init>(NavBarElement.java:11)
at Pages.BasePage.<init>(BasePage.java:11)
at Elements.NavBarElement.<init>(NavBarElement.java:11)
at Pages.BasePage.<init>(BasePage.java:11)
at Elements.NavBarElement.<init>(NavBarElement.java:11)
at Pages.BasePage.<init>(BasePage.java:11)
at Elements.NavBarElement.<init>(NavBarElement.java:11)
at Pages.BasePage.<init>(BasePage.java:11)
at Elements.NavBarElement.<init>(NavBarElement.java:11)
at Pages.BasePage.<init>(BasePage.java:11)
at Elements.NavBarElement.<init>(NavBarElement.java:11)
at Pages.BasePage.<init>(BasePage.java:11)
at Elements.NavBarElement.<init>(NavBarElement.java:11)
at Pages.BasePage.<init>(BasePage.java:11)
at Elements.NavBarElement.<init>(NavBarElement.java:11)
at Pages.BasePage.<init>(BasePage.java:11)
at Elements.NavBarElement.<init>(NavBarElement.java:11)
at Pages.BasePage.<init>(BasePage.java:11)
at Elements.NavBarElement.<init>(NavBarElement.java:11)
at Pages.BasePage.<init>(BasePage.java:11)
at Elements.NavBarElement.<init>(NavBarElement.java:11)
at Pages.BasePage.<init>(BasePage.java:11)
at Elements.NavBarElement.<init>(NavBarElement.java:11)
at Pages.BasePage.<init>(BasePage.java:11)
at Elements.NavBarElement.<init>(NavBarElement.java:11)
at Pages.BasePage.<init>(BasePage.java:11)
at Elements.NavBarElement.<init>(NavBarElement.java:11)
at Pages.BasePage.<init>(BasePage.java:11)
at Elements.NavBarElement.<init>(NavBarElement.java:11)
at Pages.BasePage.<init>(BasePage.java:11)
at Elements.NavBarElement.<init>(NavBarElement.java:11)
at Pages.BasePage.<init>(BasePage.java:11)
at Elements.NavBarElement.<init>(NavBarElement.java:11)
at Pages.BasePage.<init>(BasePage.java:11)
at Elements.NavBarElement.<init>(NavBarElement.java:11)
at Pages.BasePage.<init>(BasePage.java:11)
at Elements.NavBarElement.<init>(NavBarElement.java:11)
at Pages.BasePage.<init>(BasePage.java:11)
at Elements.NavBarElement.<init>(NavBarElement.java:11)
at Pages.BasePage.<init>(BasePage.java:11)
at Elements.NavBarElement.<init>(NavBarElement.java:11)
at Pages.BasePage.<init>(BasePage.java:11)
at Elements.NavBarElement.<init>(NavBarElement.java:11)
at Pages.BasePage.<init>(BasePage.java:11)
at Elements.NavBarElement.<init>(NavBarElement.java:11)
at Pages.BasePage.<init>(BasePage.java:11)
at Elements.NavBarElement.<init>(NavBarElement.java:11)
at Pages.BasePage.<init>(BasePage.java:11)
at Elements.NavBarElement.<init>(NavBarElement.java:11)
at Pages.BasePage.<init>(BasePage.java:11)
at Elements.NavBarElement.<init>(NavBarElement.java:11)
at Pages.BasePage.<init>(BasePage.java:11)
at Elements.NavBarElement.<init>(NavBarElement.java:11)
at Pages.BasePage.<init>(BasePage.java:11)
at Elements.NavBarElement.<init>(NavBarElement.java:11)
at Pages.BasePage.<init>(BasePage.java:11)
at Elements.NavBarElement.<init>(NavBarElement.java:11)
at Pages.BasePage.<init>(BasePage.java:11)
at Elements.NavBarElement.<init>(NavBarElement.java:11)
at Pages.BasePage.<init>(BasePage.java:11)
at Elements.NavBarElement.<init>(NavBarElement.java:11)
at Pages.BasePage.<init>(BasePage.java:11)
at Elements.NavBarElement.<init>(NavBarElement.java:11)
at Pages.BasePage.<init>(BasePage.java:11)
at Elements.NavBarElement.<init>(NavBarElement.java:11)
at Pages.BasePage.<init>(BasePage.java:11)
at Elements.NavBarElement.<init>(NavBarElement.java:11)
at Pages.BasePage.<init>(BasePage.java:11)
at Elements.NavBarElement.<init>(NavBarElement.java:11)
at Pages.BasePage.<init>(BasePage.java:11)
at Elements.NavBarElement.<init>(NavBarElement.java:11)
at Pages.BasePage.<init>(BasePage.java:11)
at Elements.NavBarElement.<init>(NavBarElement.java:11)
at Pages.BasePage.<init>(BasePage.java:11)
at Elements.NavBarElement.<init>(NavBarElement.java:11)
at Pages.BasePage.<init>(BasePage.java:11)
at Elements.NavBarElement.<init>(NavBarElement.java:11)
at Pages.BasePage.<init>(BasePage.java:11)
at Elements.NavBarElement.<init>(NavBarElement.java:11)
at Pages.BasePage.<init>(BasePage.java:11)
at Elements.NavBarElement.<init>(NavBarElement.java:11)
at Pages.BasePage.<init>(BasePage.java:11)
at Elements.NavBarElement.<init>(NavBarElement.java:11)
at Pages.BasePage.<init>(BasePage.java:11)
at Elements.NavBarElement.<init>(NavBarElement.java:11)
at Pages.BasePage.<init>(BasePage.java:11)
at Elements.NavBarElement.<init>(NavBarElement.java:11)
at Pages.BasePage.<init>(BasePage.java:11)
at Elements.NavBarElement.<init>(NavBarElement.java:11)
at Pages.BasePage.<init>(BasePage.java:11)
at Elements.NavBarElement.<init>(NavBarElement.java:11)
at Pages.BasePage.<init>(BasePage.java:11)
at Elements.NavBarElement.<init>(NavBarElement.java:11)
at Pages.BasePage.<init>(BasePage.java:11)
at Elements.NavBarElement.<init>(NavBarElement.java:11)
at Pages.BasePage.<init>(BasePage.java:11)
at Elements.NavBarElement.<init>(NavBarElement.java:11)
at Pages.BasePage.<init>(BasePage.java:11)
at Elements.NavBarElement.<init>(NavBarElement.java:11)
at Pages.BasePage.<init>(BasePage.java:11)
at Elements.NavBarElement.<init>(NavBarElement.java:11)
at Pages.BasePage.<init>(BasePage.java:11)
at Elements.NavBarElement.<init>(NavBarElement.java:11)
at Pages.BasePage.<init>(BasePage.java:11)
at Elements.NavBarElement.<init>(NavBarElement.java:11)
at Pages.BasePage.<init>(BasePage.java:11)
at Elements.NavBarElement.<init>(NavBarElement.java:11)
at Pages.BasePage.<init>(BasePage.java:11)
at Elements.NavBarElement.<init>(NavBarElement.java:11)
at Pages.BasePage.<init>(BasePage.java:11)
at Elements.NavBarElement.<init>(NavBarElement.java:11)
at Pages.BasePage.<init>(BasePage.java:11)
at Elements.NavBarElement.<init>(NavBarElement.java:11)
at Pages.BasePage.<init>(BasePage.java:11)
at Elements.NavBarElement.<init>(NavBarElement.java:11)
at Pages.BasePage.<init>(BasePage.java:11)
at Elements.NavBarElement.<init>(NavBarElement.java:11)
at Pages.BasePage.<init>(BasePage.java:11)
at Elements.NavBarElement.<init>(NavBarElement.java:11)
at Pages.BasePage.<init>(BasePage.java:11)
at Elements.NavBarElement.<init>(NavBarElement.java:11)
at Pages.BasePage.<init>(BasePage.java:11)
at Elements.NavBarElement.<init>(NavBarElement.java:11)
at Pages.BasePage.<init>(BasePage.java:11)
at Elements.NavBarElement.<init>(NavBarElement.java:11)
at Pages.BasePage.<init>(BasePage.java:11)
at Elements.NavBarElement.<init>(NavBarElement.java:11)
at Pages.BasePage.<init>(BasePage.java:11)
at Elements.NavBarElement.<init>(NavBarElement.java:11)
at Pages.BasePage.<init>(BasePage.java:11)
at Elements.NavBarElement.<init>(NavBarElement.java:11)
at Pages.BasePage.<init>(BasePage.java:11)
at Elements.NavBarElement.<init>(NavBarElement.java:11)
at Pages.BasePage.<init>(BasePage.java:11)
at Elements.NavBarElement.<init>(NavBarElement.java:11)
at Pages.BasePage.<init>(BasePage.java:11)
at Elements.NavBarElement.<init>(NavBarElement.java:11)
at Pages.BasePage.<init>(BasePage.java:11)
at Elements.NavBarElement.<init>(NavBarElement.java:11)
at Pages.BasePage.<init>(BasePage.java:11)
at Elements.NavBarElement.<init>(NavBarElement.java:11)
at Pages.BasePage.<init>(BasePage.java:11)
at Elements.NavBarElement.<init>(NavBarElement.java:11)
at Pages.BasePage.<init>(BasePage.java:11)
at Elements.NavBarElement.<init>(NavBarElement.java:11)
at Pages.BasePage.<init>(BasePage.java:11)
at Elements.NavBarElement.<init>(NavBarElement.java:11)
at Pages.BasePage.<init>(BasePage.java:11)
at Elements.NavBarElement.<init>(NavBarElement.java:11)
at Pages.BasePage.<init>(BasePage.java:11)
at Elements.NavBarElement.<init>(NavBarElement.java:11)
at Pages.BasePage.<init>(BasePage.java:11)
at Elements.NavBarElement.<init>(NavBarElement.java:11)
at Pages.BasePage.<init>(BasePage.java:11)
at Elements.NavBarElement.<init>(NavBarElement.java:11)
at Pages.BasePage.<init>(BasePage.java:11)
at Elements.NavBarElement.<init>(NavBarElement.java:11)
at Pages.BasePage.<init>(BasePage.java:11)
at Elements.NavBarElement.<init>(NavBarElement.java:11)
at Pages.BasePage.<init>(BasePage.java:11)
at Elements.NavBarElement.<init>(NavBarElement.java:11)
at Pages.BasePage.<init>(BasePage.java:11)
at Elements.NavBarElement.<init>(NavBarElement.java:11)
at Pages.BasePage.<init>(BasePage.java:11)
at Elements.NavBarElement.<init>(NavBarElement.java:11)
at Pages.BasePage.<init>(BasePage.java:11)
at Elements.NavBarElement.<init>(NavBarElement.java:11)
at Pages.BasePage.<init>(BasePage.java:11)
at Elements.NavBarElement.<init>(NavBarElement.java:11)
at Pages.BasePage.<init>(BasePage.java:11)
at Elements.NavBarElement.<init>(NavBarElement.java:11)
at Pages.BasePage.<init>(BasePage.java:11)
at Elements.NavBarElement.<init>(NavBarElement.java:11)
at Pages.BasePage.<init>(BasePage.java:11)
at Elements.NavBarElement.<init>(NavBarElement.java:11)
at Pages.BasePage.<init>(BasePage.java:11)
at Elements.NavBarElement.<init>(NavBarElement.java:11)
at Pages.BasePage.<init>(BasePage.java:11)
at Elements.NavBarElement.<init>(NavBarElement.java:11)
at Pages.BasePage.<init>(BasePage.java:11)
at Elements.NavBarElement.<init>(NavBarElement.java:11)
at Pages.BasePage.<init>(BasePage.java:11)
at Elements.NavBarElement.<init>(NavBarElement.java:11)
at Pages.BasePage.<init>(BasePage.java:11)
at Elements.NavBarElement.<init>(NavBarElement.java:11)
at Pages.BasePage.<init>(BasePage.java:11)
at Elements.NavBarElement.<init>(NavBarElement.java:11)
at Pages.BasePage.<init>(BasePage.java:11)
at Elements.NavBarElement.<init>(NavBarElement.java:11)
at Pages.BasePage.<init>(BasePage.java:11)
at Elements.NavBarElement.<init>(NavBarElement.java:11)
at Pages.BasePage.<init>(BasePage.java:11)
at Elements.NavBarElement.<init>(NavBarElement.java:11)
at Pages.BasePage.<init>(BasePage.java:11)
at Elements.NavBarElement.<init>(NavBarElement.java:11)
at Pages.BasePage.<init>(BasePage.java:11)
at Elements.NavBarElement.<init>(NavBarElement.java:11)
at Pages.BasePage.<init>(BasePage.java:11)
at Elements.NavBarElement.<init>(NavBarElement.java:11)
at Pages.BasePage.<init>(BasePage.java:11)
at Elements.NavBarElement.<init>(NavBarElement.java:11)
at Pages.BasePage.<init>(BasePage.java:11)
at Elements.NavBarElement.<init>(NavBarElement.java:11)
at Pages.BasePage.<init>(BasePage.java:11)
at Elements.NavBarElement.<init>(NavBarElement.java:11)
at Pages.BasePage.<init>(BasePage.java:11)
at Elements.NavBarElement.<init>(NavBarElement.java:11)
at Pages.BasePage.<init>(BasePage.java:11)
at Elements.NavBarElement.<init>(NavBarElement.java:11)
at Pages.BasePage.<init>(BasePage.java:11)
at Elements.NavBarElement.<init>(NavBarElement.java:11)
at Pages.BasePage.<init>(BasePage.java:11)
at Elements.NavBarElement.<init>(NavBarElement.java:11)
at Pages.BasePage.<init>(BasePage.java:11)
at Elements.NavBarElement.<init>(NavBarElement.java:11)
at Pages.BasePage.<init>(BasePage.java:11)
at Elements.NavBarElement.<init>(NavBarElement.java:11)
at Pages.BasePage.<init>(BasePage.java:11)
at Elements.NavBarElement.<init>(NavBarElement.java:11)
at Pages.BasePage.<init>(BasePage.java:11)
at Elements.NavBarElement.<init>(NavBarElement.java:11)
at Pages.BasePage.<init>(BasePage.java:11)
at Elements.NavBarElement.<init>(NavBarElement.java:11)
at Pages.BasePage.<init>(BasePage.java:11)
at Elements.NavBarElement.<init>(NavBarElement.java:11)
at Pages.BasePage.<init>(BasePage.java:11)
at Elements.NavBarElement.<init>(NavBarElement.java:11)
at Pages.BasePage.<init>(BasePage.java:11)
at Elements.NavBarElement.<init>(NavBarElement.java:11)
at Pages.BasePage.<init>(BasePage.java:11)
at Elements.NavBarElement.<init>(NavBarElement.java:11)
at Pages.BasePage.<init>(BasePage.java:11)
at Elements.NavBarElement.<init>(NavBarElement.java:11)
at Pages.BasePage.<init>(BasePage.java:11)
at Elements.NavBarElement.<init>(NavBarElement.java:11)
at Pages.BasePage.<init>(BasePage.java:11)
at Elements.NavBarElement.<init>(NavBarElement.java:11)
at Pages.BasePage.<init>(BasePage.java:11)
at Elements.NavBarElement.<init>(NavBarElement.java:11)
at Pages.BasePage.<init>(BasePage.java:11)
at Elements.NavBarElement.<init>(NavBarElement.java:11)
at Pages.BasePage.<init>(BasePage.java:11)
at Elements.NavBarElement.<init>(NavBarElement.java:11)
at Pages.BasePage.<init>(BasePage.java:11)
at Elements.NavBarElement.<init>(NavBarElement.java:11)
at Pages.BasePage.<init>(BasePage.java:11)
at Elements.NavBarElement.<init>(NavBarElement.java:11)
at Pages.BasePage.<init>(BasePage.java:11)
at Elements.NavBarElement.<init>(NavBarElement.java:11)
at Pages.BasePage.<init>(BasePage.java:11)
at Elements.NavBarElement.<init>(NavBarElement.java:11)
at Pages.BasePage.<init>(BasePage.java:11)
at Elements.NavBarElement.<init>(NavBarElement.java:11)
at Pages.BasePage.<init>(BasePage.java:11)
at Elements.NavBarElement.<init>(NavBarElement.java:11)
at Pages.BasePage.<init>(BasePage.java:11)
at Elements.NavBarElement.<init>(NavBarElement.java:11)
at Pages.BasePage.<init>(BasePage.java:11)
at Elements.NavBarElement.<init>(NavBarElement.java:11)
at Pages.BasePage.<init>(BasePage.java:11)
at Elements.NavBarElement.<init>(NavBarElement.java:11)
at Pages.BasePage.<init>(BasePage.java:11)
at Elements.NavBarElement.<init>(NavBarElement.java:11)
at Pages.BasePage.<init>(BasePage.java:11)
at Elements.NavBarElement.<init>(NavBarElement.java:11)
at Pages.BasePage.<init>(BasePage.java:11)
at Elements.NavBarElement.<init>(NavBarElement.java:11)
at Pages.BasePage.<init>(BasePage.java:11)
at Elements.NavBarElement.<init>(NavBarElement.java:11)
at Pages.BasePage.<init>(BasePage.java:11)
at Elements.NavBarElement.<init>(NavBarElement.java:11)
at Pages.BasePage.<init>(BasePage.java:11)
at Elements.NavBarElement.<init>(NavBarElement.java:11)
at Pages.BasePage.<init>(BasePage.java:11)
at Elements.NavBarElement.<init>(NavBarElement.java:11)
at Pages.BasePage.<init>(BasePage.java:11)
at Elements.NavBarElement.<init>(NavBarElement.java:11)
at Pages.BasePage.<init>(BasePage.java:11)
at Elements.NavBarElement.<init>(NavBarElement.java:11)
at Pages.BasePage.<init>(BasePage.java:11)
at Elements.NavBarElement.<init>(NavBarElement.java:11)
at Pages.BasePage.<init>(BasePage.java:11)
at Elements.NavBarElement.<init>(NavBarElement.java:11)
at Pages.BasePage.<init>(BasePage.java:11)
at Elements.NavBarElement.<init>(NavBarElement.java:11)
at Pages.BasePage.<init>(BasePage.java:11)
at Elements.NavBarElement.<init>(NavBarElement.java:11)
at Pages.BasePage.<init>(BasePage.java:11)
at Elements.NavBarElement.<init>(NavBarElement.java:11)
at Pages.BasePage.<init>(BasePage.java:11)
at Elements.NavBarElement.<init>(NavBarElement.java:11)
at Pages.BasePage.<init>(BasePage.java:11)
at Elements.NavBarElement.<init>(NavBarElement.java:11)
at Pages.BasePage.<init>(BasePage.java:11)
at Elements.NavBarElement.<init>(NavBarElement.java:11)
at Pages.BasePage.<init>(BasePage.java:11)
at Elements.NavBarElement.<init>(NavBarElement.java:11)
at Pages.BasePage.<init>(BasePage.java:11)
at Elements.NavBarElement.<init>(NavBarElement.java:11)
at Pages.BasePage.<init>(BasePage.java:11)
at Elements.NavBarElement.<init>(NavBarElement.java:11)
at Pages.BasePage.<init>(BasePage.java:11)
at Elements.NavBarElement.<init>(NavBarElement.java:11)
at Pages.BasePage.<init>(BasePage.java:11)
at Elements.NavBarElement.<init>(NavBarElement.java:11)
at Pages.BasePage.<init>(BasePage.java:11)
at Elements.NavBarElement.<init>(NavBarElement.java:11)
at Pages.BasePage.<init>(BasePage.java:11)
at Elements.NavBarElement.<init>(NavBarElement.java:11)
at Pages.BasePage.<init>(BasePage.java:11)
at Elements.NavBarElement.<init>(NavBarElement.java:11)
at Pages.BasePage.<init>(BasePage.java:11)
at Elements.NavBarElement.<init>(NavBarElement.java:11)
at Pages.BasePage.<init>(BasePage.java:11)
at Elements.NavBarElement.<init>(NavBarElement.java:11)
at Pages.BasePage.<init>(BasePage.java:11)
at Elements.NavBarElement.<init>(NavBarElement.java:11)
at Pages.BasePage.<init>(BasePage.java:11)
at Elements.NavBarElement.<init>(NavBarElement.java:11)
at Pages.BasePage.<init>(BasePage.java:11)
at Elements.NavBarElement.<init>(NavBarElement.java:11)
at Pages.BasePage.<init>(BasePage.java:11)
at Elements.NavBarElement.<init>(NavBarElement.java:11)
at Pages.BasePage.<init>(BasePage.java:11)
at Elements.NavBarElement.<init>(NavBarElement.java:11)
at Pages.BasePage.<init>(BasePage.java:11)
at Elements.NavBarElement.<init>(NavBarElement.java:11)
at Pages.BasePage.<init>(BasePage.java:11)
at Elements.NavBarElement.<init>(NavBarElement.java:11)
at Pages.BasePage.<init>(BasePage.java:11)
at Elements.NavBarElement.<init>(NavBarElement.java:11)
at Pages.BasePage.<init>(BasePage.java:11)
at Elements.NavBarElement.<init>(NavBarElement.java:11)
at Pages.BasePage.<init>(BasePage.java:11)
at Elements.NavBarElement.<init>(NavBarElement.java:11)
at Pages.BasePage.<init>(BasePage.java:11)
at Elements.NavBarElement.<init>(NavBarElement.java:11)
at Pages.BasePage.<init>(BasePage.java:11)
at Elements.NavBarElement.<init>(NavBarElement.java:11)
at Pages.BasePage.<init>(BasePage.java:11)
at Elements.NavBarElement.<init>(NavBarElement.java:11)
at Pages.BasePage.<init>(BasePage.java:11)
at Elements.NavBarElement.<init>(NavBarElement.java:11)
at Pages.BasePage.<init>(BasePage.java:11)
at Elements.NavBarElement.<init>(NavBarElement.java:11)
at Pages.BasePage.<init>(BasePage.java:11)
at Elements.NavBarElement.<init>(NavBarElement.java:11)
at Pages.BasePage.<init>(BasePage.java:11)
at Elements.NavBarElement.<init>(NavBarElement.java:11)
at Pages.BasePage.<init>(BasePage.java:11)
at Elements.NavBarElement.<init>(NavBarElement.java:11)
at Pages.BasePage.<init>(BasePage.java:11)
at Elements.NavBarElement.<init>(NavBarElement.java:11)
at Pages.BasePage.<init>(BasePage.java:11)
at Elements.NavBarElement.<init>(NavBarElement.java:11)
at Pages.BasePage.<init>(BasePage.java:11)
at Elements.NavBarElement.<init>(NavBarElement.java:11)
at Pages.BasePage.<init>(BasePage.java:11)
at Elements.NavBarElement.<init>(NavBarElement.java:11)
at Pages.BasePage.<init>(BasePage.java:11)
at Elements.NavBarElement.<init>(NavBarElement.java:11)
at Pages.BasePage.<init>(BasePage.java:11)
at Elements.NavBarElement.<init>(NavBarElement.java:11)
at Pages.BasePage.<init>(BasePage.java:11)
at Elements.NavBarElement.<init>(NavBarElement.java:11)
at Pages.BasePage.<init>(BasePage.java:11)
at Elements.NavBarElement.<init>(NavBarElement.java:11)
at Pages.BasePage.<init>(BasePage.java:11)
at Elements.NavBarElement.<init>(NavBarElement.java:11)
at Pages.BasePage.<init>(BasePage.java:11)
at Elements.NavBarElement.<init>(NavBarElement.java:11)
at Pages.BasePage.<init>(BasePage.java:11)
at Elements.NavBarElement.<init>(NavBarElement.java:11)
at Pages.BasePage.<init>(BasePage.java:11)
at Elements.NavBarElement.<init>(NavBarElement.java:11)
at Pages.BasePage.<init>(BasePage.java:11)
at Elements.NavBarElement.<init>(NavBarElement.java:11)
at Pages.BasePage.<init>(BasePage.java:11)
at Elements.NavBarElement.<init>(NavBarElement.java:11)
at Pages.BasePage.<init>(BasePage.java:11)
at Elements.NavBarElement.<init>(NavBarElement.java:11)
at Pages.BasePage.<init>(BasePage.java:11)
at Elements.NavBarElement.<init>(NavBarElement.java:11)
at Pages.BasePage.<init>(BasePage.java:11)
at Elements.NavBarElement.<init>(NavBarElement.java:11)
at Pages.BasePage.<init>(BasePage.java:11)
at Elements.NavBarElement.<init>(NavBarElement.java:11)
at Pages.BasePage.<init>(BasePage.java:11)
at Elements.NavBarElement.<init>(NavBarElement.java:11)
at Pages.BasePage.<init>(BasePage.java:11)
at Elements.NavBarElement.<init>(NavBarElement.java:11)
at Pages.BasePage.<init>(BasePage.java:11)
at Elements.NavBarElement.<init>(NavBarElement.java:11)
at Pages.BasePage.<init>(BasePage.java:11)
at Elements.NavBarElement.<init>(NavBarElement.java:11)
at Pages.BasePage.<init>(BasePage.java:11)
at Elements.NavBarElement.<init>(NavBarElement.java:11)
at Pages.BasePage.<init>(BasePage.java:11)
at Elements.NavBarElement.<init>(NavBarElement.java:11)
at Pages.BasePage.<init>(BasePage.java:11)
at Elements.NavBarElement.<init>(NavBarElement.java:11)
at Pages.BasePage.<init>(BasePage.java:11)
at Elements.NavBarElement.<init>(NavBarElement.java:11)
at Pages.BasePage.<init>(BasePage.java:11)
at Elements.NavBarElement.<init>(NavBarElement.java:11)
at Pages.BasePage.<init>(BasePage.java:11)
at Elements.NavBarElement.<init>(NavBarElement.java:11)
at Pages.BasePage.<init>(BasePage.java:11)
at Elements.NavBarElement.<init>(NavBarElement.java:11)
at Pages.BasePage.<init>(BasePage.java:11)
at Elements.NavBarElement.<init>(NavBarElement.java:11)
at Pages.BasePage.<init>(BasePage.java:11)
at Elements.NavBarElement.<init>(NavBarElement.java:11)
at Pages.BasePage.<init>(BasePage.java:11)
at Elements.NavBarElement.<init>(NavBarElement.java:11)
at Pages.BasePage.<init>(BasePage.java:11)
at Elements.NavBarElement.<init>(NavBarElement.java:11)
at Pages.BasePage.<init>(BasePage.java:11)
at Elements.NavBarElement.<init>(NavBarElement.java:11)
at Pages.BasePage.<init>(BasePage.java:11)
at Elements.NavBarElement.<init>(NavBarElement.java:11)
at Pages.BasePage.<init>(BasePage.java:11)
at Elements.NavBarElement.<init>(NavBarElement.java:11)
at Pages.BasePage.<init>(BasePage.java:11)
at Elements.NavBarElement.<init>(NavBarElement.java:11)
at Pages.BasePage.<init>(BasePage.java:11)
at Elements.NavBarElement.<init>(NavBarElement.java:11)
at Pages.BasePage.<init>(BasePage.java:11)
at Elements.NavBarElement.<init>(NavBarElement.java:11)
at Pages.BasePage.<init>(BasePage.java:11)
at Elements.NavBarElement.<init>(NavBarElement.java:11)
at Pages.BasePage.<init>(BasePage.java:11)
at Elements.NavBarElement.<init>(NavBarElement.java:11)
at Pages.BasePage.<init>(BasePage.java:11)
at Elements.NavBarElement.<init>(NavBarElement.java:11)
at Pages.BasePage.<init>(BasePage.java:11)
at Elements.NavBarElement.<init>(NavBarElement.java:11)
at Pages.BasePage.<init>(BasePage.java:11)
at Elements.NavBarElement.<init>(NavBarElement.java:11)
at Pages.BasePage.<init>(BasePage.java:11)
at Elements.NavBarElement.<init>(NavBarElement.java:11)
at Pages.BasePage.<init>(BasePage.java:11)
at Elements.NavBarElement.<init>(NavBarElement.java:11)
at Pages.BasePage.<init>(BasePage.java:11)
at Elements.NavBarElement.<init>(NavBarElement.java:11)
at Pages.BasePage.<init>(BasePage.java:11)
at Elements.NavBarElement.<init>(NavBarElement.java:11)
at Pages.BasePage.<init>(BasePage.java:11)
at Elements.NavBarElement.<init>(NavBarElement.java:11)
at Pages.BasePage.<init>(BasePage.java:11)
at Elements.NavBarElement.<init>(NavBarElement.java:11)
at Pages.BasePage.<init>(BasePage.java:11)
at Elements.NavBarElement.<init>(NavBarElement.java:11)
at Pages.BasePage.<init>(BasePage.java:11)
at Elements.NavBarElement.<init>(NavBarElement.java:11)
at Pages.BasePage.<init>(BasePage.java:11)
at Elements.NavBarElement.<init>(NavBarElement.java:11)
at Pages.BasePage.<init>(BasePage.java:11)
at Elements.NavBarElement.<init>(NavBarElement.java:11)
at Pages.BasePage.<init>(BasePage.java:11)
at Elements.NavBarElement.<init>(NavBarElement.java:11)
at Pages.BasePage.<init>(BasePage.java:11)
at Elements.NavBarElement.<init>(NavBarElement.java:11)
at Pages.BasePage.<init>(BasePage.java:11)
at Elements.NavBarElement.<init>(NavBarElement.java:11)
at Pages.BasePage.<init>(BasePage.java:11)
at Elements.NavBarElement.<init>(NavBarElement.java:11)
at Pages.BasePage.<init>(BasePage.java:11)
at Elements.NavBarElement.<init>(NavBarElement.java:11)
at Pages.BasePage.<init>(BasePage.java:11)
at Elements.NavBarElement.<init>(NavBarElement.java:11)
at Pages.BasePage.<init>(BasePage.java:11)
at Elements.NavBarElement.<init>(NavBarElement.java:11)
at Pages.BasePage.<init>(BasePage.java:11)
at Elements.NavBarElement.<init>(NavBarElement.java:11)
at Pages.BasePage.<init>(BasePage.java:11)
at Elements.NavBarElement.<init>(NavBarElement.java:11)
at Pages.BasePage.<init>(BasePage.java:11)
at Elements.NavBarElement.<init>(NavBarElement.java:11)
at Pages.BasePage.<init>(BasePage.java:11)
at Elements.NavBarElement.<init>(NavBarElement.java:11)
at Pages.BasePage.<init>(BasePage.java:11)
at Elements.NavBarElement.<init>(NavBarElement.java:11)
at Pages.BasePage.<init>(BasePage.java:11)
at Elements.NavBarElement.<init>(NavBarElement.java:11)
at Pages.BasePage.<init>(BasePage.java:11)
at Elements.NavBarElement.<init>(NavBarElement.java:11)
at Pages.BasePage.<init>(BasePage.java:11)
at Elements.NavBarElement.<init>(NavBarElement.java:11)
at Pages.BasePage.<init>(BasePage.java:11)
at Elements.NavBarElement.<init>(NavBarElement.java:11)
at Pages.BasePage.<init>(BasePage.java:11)
at Elements.NavBarElement.<init>(NavBarElement.java:11)
at Pages.BasePage.<init>(BasePage.java:11)
at Elements.NavBarElement.<init>(NavBarElement.java:11)
at Pages.BasePage.<init>(BasePage.java:11)
at Elements.NavBarElement.<init>(NavBarElement.java:11)
at Pages.BasePage.<init>(BasePage.java:11)
at Elements.NavBarElement.<init>(NavBarElement.java:11)
at Pages.BasePage.<init>(BasePage.java:11)
at Elements.NavBarElement.<init>(NavBarElement.java:11)
at Pages.BasePage.<init>(BasePage.java:11)
at Elements.NavBarElement.<init>(NavBarElement.java:11)
at Pages.BasePage.<init>(BasePage.java:11)
at Elements.NavBarElement.<init>(NavBarElement.java:11)
at Pages.BasePage.<init>(BasePage.java:11)
at Elements.NavBarElement.<init>(NavBarElement.java:11)
at Pages.BasePage.<init>(BasePage.java:11)
at Elements.NavBarElement.<init>(NavBarElement.java:11)
at Pages.BasePage.<init>(BasePage.java:11)
at Elements.NavBarElement.<init>(NavBarElement.java:11)
at Pages.BasePage.<init>(BasePage.java:11)
at Elements.NavBarElement.<init>(NavBarElement.java:11)
at Pages.BasePage.<init>(BasePage.java:11)
at Elements.NavBarElement.<init>(NavBarElement.java:11)
at Pages.BasePage.<init>(BasePage.java:11)
at Elements.NavBarElement.<init>(NavBarElement.java:11)
at Pages.BasePage.<init>(BasePage.java:11)
at Elements.NavBarElement.<init>(NavBarElement.java:11)
at Pages.BasePage.<init>(BasePage.java:11)
at Elements.NavBarElement.<init>(NavBarElement.java:11)
at Pages.BasePage.<init>(BasePage.java:11)
at Elements.NavBarElement.<init>(NavBarElement.java:11)
at Pages.BasePage.<init>(BasePage.java:11)
at Elements.NavBarElement.<init>(NavBarElement.java:11)
at Pages.BasePage.<init>(BasePage.java:11)
at Elements.NavBarElement.<init>(NavBarElement.java:11)
at Pages.BasePage.<init>(BasePage.java:11)
at Elements.NavBarElement.<init>(NavBarElement.java:11)
at Pages.BasePage.<init>(BasePage.java:11)
at Elements.NavBarElement.<init>(NavBarElement.java:11)
at Pages.BasePage.<init>(BasePage.java:11)
at Elements.NavBarElement.<init>(NavBarElement.java:11)
at Pages.BasePage.<init>(BasePage.java:11)
at Elements.NavBarElement.<init>(NavBarElement.java:11)
at Pages.BasePage.<init>(BasePage.java:11)
at Elements.NavBarElement.<init>(NavBarElement.java:11)
at Pages.BasePage.<init>(BasePage.java:11)
at Elements.NavBarElement.<init>(NavBarElement.java:11)
at Pages.BasePage.<init>(BasePage.java:11)
at Elements.NavBarElement.<init>(NavBarElement.java:11)
at Pages.BasePage.<init>(BasePage.java:11)
at Elements.NavBarElement.<init>(NavBarElement.java:11)
at Pages.BasePage.<init>(BasePage.java:11)
at Elements.NavBarElement.<init>(NavBarElement.java:11)
at Pages.BasePage.<init>(BasePage.java:11)
at Elements.NavBarElement.<init>(NavBarElement.java:11)
at Pages.BasePage.<init>(BasePage.java:11)
at Elements.NavBarElement.<init>(NavBarElement.java:11)
at Pages.BasePage.<init>(BasePage.java:11)
at Elements.NavBarElement.<init>(NavBarElement.java:11)
at Pages.BasePage.<init>(BasePage.java:11)
at Elements.NavBarElement.<init>(NavBarElement.java:11)
at Pages.BasePage.<init>(BasePage.java:11)
at Elements.NavBarElement.<init>(NavBarElement.java:11)
at Pages.BasePage.<init>(BasePage.java:11)
at Elements.NavBarElement.<init>(NavBarElement.java:11)
at Pages.BasePage.<init>(BasePage.java:11)
at Elements.NavBarElement.<init>(NavBarElement.java:11)
at Pages.BasePage.<init>(BasePage.java:11)
at Elements.NavBarElement.<init>(NavBarElement.java:11)
at Pages.BasePage.<init>(BasePage.java:11)
at Elements.NavBarElement.<init>(NavBarElement.java:11)
at Pages.BasePage.<init>(BasePage.java:11)
at Elements.NavBarElement.<init>(NavBarElement.java:11)
at Pages.BasePage.<init>(BasePage.java:11)
at Elements.NavBarElement.<init>(NavBarElement.java:11)
at Pages.BasePage.<init>(BasePage.java:11)
at Elements.NavBarElement.<init>(NavBarElement.java:11)
at Pages.BasePage.<init>(BasePage.java:11)
at Elements.NavBarElement.<init>(NavBarElement.java:11)
at Pages.BasePage.<init>(BasePage.java:11)
at Elements.NavBarElement.<init>(NavBarElement.java:11)
at Pages.BasePage.<init>(BasePage.java:11)
at Elements.NavBarElement.<init>(NavBarElement.java:11)
at Pages.BasePage.<init>(BasePage.java:11)
at Elements.NavBarElement.<init>(NavBarElement.java:11)
at Pages.BasePage.<init>(BasePage.java:11)
at Elements.NavBarElement.<init>(NavBarElement.java:11)
at Pages.BasePage.<init>(BasePage.java:11)
at Elements.NavBarElement.<init>(NavBarElement.java:11)
at Pages.BasePage.<init>(BasePage.java:11)
at Elements.NavBarElement.<init>(NavBarElement.java:11)
at Pages.BasePage.<init>(BasePage.java:11)
at Elements.NavBarElement.<init>(NavBarElement.java:11)
at Pages.BasePage.<init>(BasePage.java:11)
at Elements.NavBarElement.<init>(NavBarElement.java:11)
at Pages.BasePage.<init>(BasePage.java:11)
at Elements.NavBarElement.<init>(NavBarElement.java:11)
at Pages.BasePage.<init>(BasePage.java:11)
at Elements.NavBarElement.<init>(NavBarElement.java:11)
at Pages.BasePage.<init>(BasePage.java:11)
at Elements.NavBarElement.<init>(NavBarElement.java:11)
at Pages.BasePage.<init>(BasePage.java:11)
at Elements.NavBarElement.<init>(NavBarElement.java:11)
at Pages.BasePage.<init>(BasePage.java:11)
at Elements.NavBarElement.<init>(NavBarElement.java:11)
at Pages.BasePage.<init>(BasePage.java:11)
]]>
    </error>
  </testcase> <!-- AddToShoppingCart2 -->
</testsuite> <!-- UITests.Tests -->
